# JRE version: Java(TM) SE Runtime Environment (7.0_51-b13) (build 1.7.0_51-b13)
# Java VM: Java HotSpot(TM) 64-Bit Server VM (24.51-b03 mixed mode bsd-amd64 compressed oops)
Heap
 PSYoungGen      total 381952K, used 330051K [0x00000007d5500000, 0x00000007f0c00000, 0x0000000800000000)
  eden space 330752K, 84% used [0x00000007d5500000,0x00000007e6719be8,0x00000007e9800000)
  from space 51200K, 96% used [0x00000007ed480000,0x00000007f04b7318,0x00000007f0680000)
  to   space 59392K, 0% used [0x00000007e9800000,0x00000007e9800000,0x00000007ed200000)
 ParOldGen       total 125952K, used 53904K [0x0000000780000000, 0x0000000787b00000, 0x00000007d5500000)
  object space 125952K, 42% used [0x0000000780000000,0x00000007834a4278,0x0000000787b00000)
 PSPermGen       total 55296K, used 54987K [0x000000077ae00000, 0x000000077e400000, 0x0000000780000000)
  object space 55296K, 99% used [0x000000077ae00000,0x000000077e3b2f58,0x000000077e400000)
GC Heap History (10 events):
Event: 12,747 GC heap before
{Heap before GC invocations=7 (full 0):
 PSYoungGen      total 144896K, used 144159K [0x00000007d5500000, 0x00000007df000000, 0x0000000800000000)
  eden space 134144K, 100% used [0x00000007d5500000,0x00000007dd800000,0x00000007dd800000)
  from space 10752K, 93% used [0x00000007de380000,0x00000007ded47fc0,0x00000007dee00000)
  to   space 11776K, 0% used [0x00000007dd800000,0x00000007dd800000,0x00000007de380000)
 ParOldGen       total 87040K, used 11519K [0x0000000780000000, 0x0000000785500000, 0x00000007d5500000)
  object space 87040K, 13% used [0x0000000780000000,0x0000000780b3ff58,0x0000000785500000)
 PSPermGen       total 21504K, used 18772K [0x000000077ae00000, 0x000000077c300000, 0x0000000780000000)
  object space 21504K, 87% used [0x000000077ae00000,0x000000077c055210,0x000000077c300000)
Event: 12,900 GC heap after
Heap after GC invocations=7 (full 0):
 PSYoungGen      total 145920K, used 11751K [0x00000007d5500000, 0x00000007e9700000, 0x0000000800000000)
  eden space 134144K, 0% used [0x00000007d5500000,0x00000007d5500000,0x00000007dd800000)
  from space 11776K, 99% used [0x00000007dd800000,0x00000007de379c88,0x00000007de380000)
  to   space 30720K, 0% used [0x00000007e7900000,0x00000007e7900000,0x00000007e9700000)
 ParOldGen       total 87040K, used 46397K [0x0000000780000000, 0x0000000785500000, 0x00000007d5500000)
  object space 87040K, 53% used [0x0000000780000000,0x0000000782d4f518,0x0000000785500000)
 PSPermGen       total 21504K, used 18772K [0x000000077ae00000, 0x000000077c300000, 0x0000000780000000)
  object space 21504K, 87% used [0x000000077ae00000,0x000000077c055210,0x000000077c300000)
}
Event: 14,738 GC heap before
{Heap before GC invocations=8 (full 0):
 PSYoungGen      total 145920K, used 145895K [0x00000007d5500000, 0x00000007e9700000, 0x0000000800000000)
  eden space 134144K, 100% used [0x00000007d5500000,0x00000007dd800000,0x00000007dd800000)
  from space 11776K, 99% used [0x00000007dd800000,0x00000007de379c88,0x00000007de380000)
  to   space 30720K, 0% used [0x00000007e7900000,0x00000007e7900000,0x00000007e9700000)
 ParOldGen       total 87040K, used 46397K [0x0000000780000000, 0x0000000785500000, 0x00000007d5500000)
  object space 87040K, 53% used [0x0000000780000000,0x0000000782d4f518,0x0000000785500000)
 PSPermGen       total 21504K, used 18785K [0x000000077ae00000, 0x000000077c300000, 0x0000000780000000)
  object space 21504K, 87% used [0x000000077ae00000,0x000000077c0587e8,0x000000077c300000)
Event: 14,908 GC heap after
Heap after GC invocations=8 (full 0):
 PSYoungGen      total 285184K, used 30709K [0x00000007d5500000, 0x00000007eb200000, 0x0000000800000000)
  eden space 254464K, 0% used [0x00000007d5500000,0x00000007d5500000,0x00000007e4d80000)
  from space 30720K, 99% used [0x00000007e7900000,0x00000007e96fd728,0x00000007e9700000)
  to   space 44544K, 0% used [0x00000007e4d80000,0x00000007e4d80000,0x00000007e7900000)
 ParOldGen       total 87040K, used 65292K [0x0000000780000000, 0x0000000785500000, 0x00000007d5500000)
  object space 87040K, 75% used [0x0000000780000000,0x0000000783fc3040,0x0000000785500000)
 PSPermGen       total 21504K, used 18785K [0x000000077ae00000, 0x000000077c300000, 0x0000000780000000)
  object space 21504K, 87% used [0x000000077ae00000,0x000000077c0587e8,0x000000077c300000)
}
Event: 14,908 GC heap before
{Heap before GC invocations=9 (full 1):
 PSYoungGen      total 285184K, used 30709K [0x00000007d5500000, 0x00000007eb200000, 0x0000000800000000)
  eden space 254464K, 0% used [0x00000007d5500000,0x00000007d5500000,0x00000007e4d80000)
  from space 30720K, 99% used [0x00000007e7900000,0x00000007e96fd728,0x00000007e9700000)
  to   space 44544K, 0% used [0x00000007e4d80000,0x00000007e4d80000,0x00000007e7900000)
 ParOldGen       total 87040K, used 65292K [0x0000000780000000, 0x0000000785500000, 0x00000007d5500000)
  object space 87040K, 75% used [0x0000000780000000,0x0000000783fc3040,0x0000000785500000)
 PSPermGen       total 21504K, used 18785K [0x000000077ae00000, 0x000000077c300000, 0x0000000780000000)
  object space 21504K, 87% used [0x000000077ae00000,0x000000077c0587e8,0x000000077c300000)
Event: 15,339 GC heap after
Heap after GC invocations=9 (full 1):
 PSYoungGen      total 285184K, used 0K [0x00000007d5500000, 0x00000007eb200000, 0x0000000800000000)
  eden space 254464K, 0% used [0x00000007d5500000,0x00000007d5500000,0x00000007e4d80000)
  from space 30720K, 0% used [0x00000007e7900000,0x00000007e7900000,0x00000007e9700000)
  to   space 44544K, 0% used [0x00000007e4d80000,0x00000007e4d80000,0x00000007e7900000)
 ParOldGen       total 125952K, used 53904K [0x0000000780000000, 0x0000000787b00000, 0x00000007d5500000)
  object space 125952K, 42% used [0x0000000780000000,0x00000007834a4278,0x0000000787b00000)
 PSPermGen       total 37888K, used 18779K [0x000000077ae00000, 0x000000077d300000, 0x0000000780000000)
  object space 37888K, 49% used [0x000000077ae00000,0x000000077c056e30,0x000000077d300000)
}
Event: 21,917 GC heap before
{Heap before GC invocations=10 (full 1):
 PSYoungGen      total 285184K, used 254464K [0x00000007d5500000, 0x00000007eb200000, 0x0000000800000000)
  eden space 254464K, 100% used [0x00000007d5500000,0x00000007e4d80000,0x00000007e4d80000)
  from space 30720K, 0% used [0x00000007e7900000,0x00000007e7900000,0x00000007e9700000)
  to   space 44544K, 0% used [0x00000007e4d80000,0x00000007e4d80000,0x00000007e7900000)
 ParOldGen       total 125952K, used 53904K [0x0000000780000000, 0x0000000787b00000, 0x00000007d5500000)
  object space 125952K, 42% used [0x0000000780000000,0x00000007834a4278,0x0000000787b00000)
 PSPermGen       total 43008K, used 42934K [0x000000077ae00000, 0x000000077d800000, 0x0000000780000000)
  object space 43008K, 99% used [0x000000077ae00000,0x000000077d7eda88,0x000000077d800000)
Event: 22,023 GC heap after
Heap after GC invocations=10 (full 1):
 PSYoungGen      total 299008K, used 41236K [0x00000007d5500000, 0x00000007f0680000, 0x0000000800000000)
  eden space 254464K, 0% used [0x00000007d5500000,0x00000007d5500000,0x00000007e4d80000)
  from space 44544K, 92% used [0x00000007e4d80000,0x00000007e75c5208,0x00000007e7900000)
  to   space 51200K, 0% used [0x00000007ed480000,0x00000007ed480000,0x00000007f0680000)
 ParOldGen       total 125952K, used 53904K [0x0000000780000000, 0x0000000787b00000, 0x00000007d5500000)
  object space 125952K, 42% used [0x0000000780000000,0x00000007834a4278,0x0000000787b00000)
 PSPermGen       total 43008K, used 42934K [0x000000077ae00000, 0x000000077d800000, 0x0000000780000000)
  object space 43008K, 99% used [0x000000077ae00000,0x000000077d7eda88,0x000000077d800000)
}
Event: 188,169 GC heap before
{Heap before GC invocations=11 (full 1):
 PSYoungGen      total 299008K, used 295700K [0x00000007d5500000, 0x00000007f0680000, 0x0000000800000000)
  eden space 254464K, 100% used [0x00000007d5500000,0x00000007e4d80000,0x00000007e4d80000)
  from space 44544K, 92% used [0x00000007e4d80000,0x00000007e75c5208,0x00000007e7900000)
  to   space 51200K, 0% used [0x00000007ed480000,0x00000007ed480000,0x00000007f0680000)
 ParOldGen       total 125952K, used 53904K [0x0000000780000000, 0x0000000787b00000, 0x00000007d5500000)
  object space 125952K, 42% used [0x0000000780000000,0x00000007834a4278,0x0000000787b00000)
 PSPermGen       total 52224K, used 51768K [0x000000077ae00000, 0x000000077e100000, 0x0000000780000000)
  object space 52224K, 99% used [0x000000077ae00000,0x000000077e08e158,0x000000077e100000)
Event: 188,328 GC heap after
Heap after GC invocations=11 (full 1):
 PSYoungGen      total 381952K, used 49372K [0x00000007d5500000, 0x00000007f0c00000, 0x0000000800000000)
  eden space 330752K, 0% used [0x00000007d5500000,0x00000007d5500000,0x00000007e9800000)
  from space 51200K, 96% used [0x00000007ed480000,0x00000007f04b7318,0x00000007f0680000)
  to   space 59392K, 0% used [0x00000007e9800000,0x00000007e9800000,0x00000007ed200000)
 ParOldGen       total 125952K, used 53904K [0x0000000780000000, 0x0000000787b00000, 0x00000007d5500000)
  object space 125952K, 42% used [0x0000000780000000,0x00000007834a4278,0x0000000787b00000)
 PSPermGen       total 52224K, used 51768K [0x000000077ae00000, 0x000000077e100000, 0x0000000780000000)
  object space 52224K, 99% used [0x000000077ae00000,0x000000077e08e158,0x000000077e100000)
}

